Determining if the pthread_create exist failed with the following output:
Change Dir: /home/student/Mini_Project/build/CMakeFiles/CMakeTmp

Run Build Command:"/usr/bin/make" "cmTC_0329a/fast"
/usr/bin/make -f CMakeFiles/cmTC_0329a.dir/build.make CMakeFiles/cmTC_0329a.dir/build
make[1]: Entering directory '/home/student/Mini_Project/build/CMakeFiles/CMakeTmp'
Building C object CMakeFiles/cmTC_0329a.dir/CheckSymbolExists.c.o
/usr/bin/cc    -o CMakeFiles/cmTC_0329a.dir/CheckSymbolExists.c.o   -c /home/student/Mini_Project/build/CMakeFiles/CMakeTmp/CheckSymbolExists.c
Linking C executable cmTC_0329a
/usr/bin/cmake -E cmake_link_script CMakeFiles/cmTC_0329a.dir/link.txt --verbose=1
/usr/bin/cc      -rdynamic CMakeFiles/cmTC_0329a.dir/CheckSymbolExists.c.o  -o cmTC_0329a 
CMakeFiles/cmTC_0329a.dir/CheckSymbolExists.c.o: In function `main':
CheckSymbolExists.c:(.text+0x1b): undefined reference to `pthread_create'
collect2: error: ld returned 1 exit status
CMakeFiles/cmTC_0329a.dir/build.make:97: recipe for target 'cmTC_0329a' failed
make[1]: *** [cmTC_0329a] Error 1
make[1]: Leaving directory '/home/student/Mini_Project/build/CMakeFiles/CMakeTmp'
Makefile:126: recipe for target 'cmTC_0329a/fast' failed
make: *** [cmTC_0329a/fast] Error 2

File /home/student/Mini_Project/build/CMakeFiles/CMakeTmp/CheckSymbolExists.c:
/* */
#include <pthread.h>

int main(int argc, char** argv)
{
  (void)argv;
#ifndef pthread_create
  return ((int*)(&pthread_create))[argc];
#else
  (void)argc;
  return 0;
#endif
}

Determining if the function pthread_create exists in the pthreads failed with the following output:
Change Dir: /home/student/Mini_Project/build/CMakeFiles/CMakeTmp

Run Build Command:"/usr/bin/make" "cmTC_58394/fast"
/usr/bin/make -f CMakeFiles/cmTC_58394.dir/build.make CMakeFiles/cmTC_58394.dir/build
make[1]: Entering directory '/home/student/Mini_Project/build/CMakeFiles/CMakeTmp'
Building C object CMakeFiles/cmTC_58394.dir/CheckFunctionExists.c.o
/usr/bin/cc   -DCHECK_FUNCTION_EXISTS=pthread_create   -o CMakeFiles/cmTC_58394.dir/CheckFunctionExists.c.o   -c /usr/share/cmake-3.10/Modules/CheckFunctionExists.c
Linking C executable cmTC_58394
/usr/bin/cmake -E cmake_link_script CMakeFiles/cmTC_58394.dir/link.txt --verbose=1
/usr/bin/cc  -DCHECK_FUNCTION_EXISTS=pthread_create    -rdynamic CMakeFiles/cmTC_58394.dir/CheckFunctionExists.c.o  -o cmTC_58394 -lpthreads 
/usr/bin/ld: cannot find -lpthreads
collect2: error: ld returned 1 exit status
CMakeFiles/cmTC_58394.dir/build.make:97: recipe for target 'cmTC_58394' failed
make[1]: *** [cmTC_58394] Error 1
make[1]: Leaving directory '/home/student/Mini_Project/build/CMakeFiles/CMakeTmp'
Makefile:126: recipe for target 'cmTC_58394/fast' failed
make: *** [cmTC_58394/fast] Error 2


